{"E:\\IT_and_programing\\Frontend\\8.0_Homeworks\\Tasl_11.3\\src\\js\\canIterate.js": {"path":"E:\\IT_and_programing\\Frontend\\8.0_Homeworks\\Tasl_11.3\\src\\js\\canIterate.js","statementMap":{"0":{"start":{"line":2,"column":4},"end":{"line":11,"column":5}},"1":{"start":{"line":4,"column":6},"end":{"line":5,"column":7}},"2":{"start":{"line":6,"column":6},"end":{"line":6,"column":23}},"3":{"start":{"line":7,"column":6},"end":{"line":7,"column":17}},"4":{"start":{"line":9,"column":8},"end":{"line":9,"column":26}},"5":{"start":{"line":10,"column":6},"end":{"line":10,"column":18}},"6":{"start":{"line":15,"column":10},"end":{"line":15,"column":34}}},"fnMap":{"0":{"name":"canIterate","decl":{"start":{"line":1,"column":24},"end":{"line":1,"column":34}},"loc":{"start":{"line":1,"column":41},"end":{"line":12,"column":3}},"line":1}},"branchMap":{},"s":{"0":11,"1":11,"2":4,"3":4,"4":7,"5":7,"6":1},"f":{"0":11},"b":{},"_coverageSchema":"1a1c01bbd47fc00a2c39e90264f33305004495a9","hash":"b079fc1582855d3d5b0914905ded02af237fb291"}
}
